  ****************************************************
  *    USAF STABILITY AND CONTROL  DIGITAL DATCOM    *
  *    PROGRAM REV. JAN 96   DIRECT INQUIRIES TO:    *
  *    WRIGHT LABORATORY  (WL/FIGC)  ATTN: W. BLAKE  *
  *      WRIGHT PATTERSON AFB, OHIO  45433           *
  *    PHONE (513) 255-6764,   FAX (513) 258-4054    *
  ****************************************************
1                         CONERR - INPUT ERROR CHECKING
0 ERROR CODES - N* DENOTES THE NUMBER OF OCCURENCES OF EACH ERROR
0 A - UNKNOWN VARIABLE NAME
0 B - MISSING EQUAL SIGN FOLLOWING VARIABLE NAME
0 C - NON-ARRAY VARIABLE HAS AN ARRAY ELEMENT DESIGNATION - (N)
0 D - NON-ARRAY VARIABLE HAS MULTIPLE VALUES ASSIGNED
0 E - ASSIGNED VALUES EXCEED ARRAY DIMENSION
0 F - SYNTAX ERROR

0******************************  INPUT DATA CARDS  ******************************

 DIM M                                                                           
  $FLTCON NMACH=1,MACH(1)=0.0018$                                                   ** ERROR **  0*A  0*B  0*C  0*D  0*E  1*F
  $FLTCON NALPHA=7.000,ALSCHD(1)=-4.000,-2.000,0.000,2.000,4.000,6.000,8.000,$   
  $FLTCON RNNUB(1)=1.25E6$                                                       
  $SYNTHS XCG=3.384,ZCG=0.000,XW=2.500,ZW=0.000,ALIW=0.000,XH=5.950,             
     ZH=0.000,ALIH=0.250,XV=5.950,ZV=0.000,VERTUP=.TRUE.$                        
  $BODY NX=4.000,                                                                
     X(1)=0.000,1.000,6.600,                                                     
     R(1)=0.000,0.400,0.400,                                                     
     METHOD=2.0$                                                                 
  $WGPLNF CHRDTP=0.889,                                                          
     SSPNE=3.800,                                                                
     SSPN=4.000,                                                                 
     CHRDR=1.111,                                                                
     SAVSI=0.000,                                                                
     CHSTAT=0.000,                                                               
     TWISTA=0.000,                                                               
     DHDADI=0.000,                                                               
     TYPE=1.0$                                                                   
 NACA-W-4-2412                                                                   
  $HTPLNF CHRDTP=0.440,                                                          
     SSPNE=1.800,                                                                
     SSPN=2.000,                                                                 
     CHRDR=0.550,                                                                
     SAVSI=0.000,                                                                
     CHSTAT=0.250,                                                               
     TWISTA=0.000,                                                               
     DHDADI=0.000,                                                               
     TYPE=1.0$                                                                   
 NACA-H-4-0012                                                                   
  $VTPLNF CHRDTP=0.416,                                                          
     SSPNE=1.550,                                                                
     SSPN=1.950,                                                                 
     CHRDR=0.520,                                                                
     SAVSI=0.000,                                                                
     CHSTAT=0.250,                                                               
     TWISTA=0.000,                                                               
     DHDADI=0.000,                                                               
     TYPE=1.0$                                                                   
 NACA-V-4-0012                                                                   
  $ASYFLP CHRDFI=0.209,                                                          
     CHRDFO=0.178,                                                               
     SPANFI=3.400,                                                               
     SPANFO=4.000,                                                               
     NDELTA=9.0, DELTAL(1)=-20.0,-15.0,-10.0,-5.0,0.0,5.0,10.0,15.0,20.0,        
                  DELTAR(1)=20.0,15.0,10.0,5.0,0.0,-5.0,-10.0,-15.0,-20.0,       
     PHETE=0.166,                                                                
     STYPE=4.0,                                                                  
                                                                                 
 CASEID PLAINFLAP ANALYSIS                                                       
 SAVE                                                                            
 NEXT CASE                                                                       
1          THE FOLLOWING IS A LIST OF ALL INPUT CARDS FOR THIS CASE.
0
 DIM M                                                                           
  $FLTCON NMACH=1,MACH(1)=0.0018$                                                
  $FLTCON NALPHA=7.000,ALSCHD(1)=-4.000,-2.000,0.000,2.000,4.000,6.000,8.000,$   
  $FLTCON RNNUB(1)=1.25E6$                                                       
  $SYNTHS XCG=3.384,ZCG=0.000,XW=2.500,ZW=0.000,ALIW=0.000,XH=5.950,             
     ZH=0.000,ALIH=0.250,XV=5.950,ZV=0.000,VERTUP=.TRUE.$                        
  $BODY NX=4.000,                                                                
     X(1)=0.000,1.000,6.600,                                                     
     R(1)=0.000,0.400,0.400,                                                     
     METHOD=2.0$                                                                 
  $WGPLNF CHRDTP=0.889,                                                          
     SSPNE=3.800,                                                                
     SSPN=4.000,                                                                 
     CHRDR=1.111,                                                                
     SAVSI=0.000,                                                                
     CHSTAT=0.000,                                                               
     TWISTA=0.000,                                                               
     DHDADI=0.000,                                                               
     TYPE=1.0$                                                                   
 NACA-W-4-2412                                                                   
  $HTPLNF CHRDTP=0.440,                                                          
     SSPNE=1.800,                                                                
     SSPN=2.000,                                                                 
     CHRDR=0.550,                                                                
     SAVSI=0.000,                                                                
     CHSTAT=0.250,                                                               
     TWISTA=0.000,                                                               
     DHDADI=0.000,                                                               
     TYPE=1.0$                                                                   
 NACA-H-4-0012                                                                   
  $VTPLNF CHRDTP=0.416,                                                          
     SSPNE=1.550,                                                                
     SSPN=1.950,                                                                 
     CHRDR=0.520,                                                                
     SAVSI=0.000,                                                                
     CHSTAT=0.250,                                                               
     TWISTA=0.000,                                                               
     DHDADI=0.000,                                                               
     TYPE=1.0$                                                                   
 NACA-V-4-0012                                                                   
  $ASYFLP CHRDFI=0.209,                                                          
     CHRDFO=0.178,                                                               
     SPANFI=3.400,                                                               
     SPANFO=4.000,                                                               
     NDELTA=9.0, DELTAL(1)=-20.0,-15.0,-10.0,-5.0,0.0,5.0,10.0,15.0,20.0,        
                  DELTAR(1)=20.0,15.0,10.0,5.0,0.0,-5.0,-10.0,-15.0,-20.0,       
     PHETE=0.166,                                                                
     STYPE=4.0,                                                                  
                                                                                 
 CASEID PLAINFLAP ANALYSIS                                                       
 SAVE                                                                            
 NEXT CASE                                                                       
0 INPUT DIMENSIONS ARE IN M , SCALE FACTOR IS 1.0000

1                             AUTOMATED STABILITY AND CONTROL METHODS PER APRIL 1976 VERSION OF DATCOM   
                                                        WING SECTION DEFINITION
0                                 IDEAL ANGLE OF ATTACK =   0.25757 DEG.

                              ZERO LIFT ANGLE OF ATTACK =  -1.87966 DEG.

                                 IDEAL LIFT COEFFICIENT =   0.25602

                  ZERO LIFT PITCHING MOMENT COEFFICIENT =  -0.05087

                             MACH ZERO LIFT-CURVE-SLOPE =   0.09617 /DEG.

                                    LEADING EDGE RADIUS =   0.01587 FRACTION CHORD

                              MAXIMUM AIRFOIL THICKNESS =   0.12000 FRACTION CHORD

                                                DELTA-Y =   3.16898 PERCENT CHORD


0                         MACH= 0.0018 LIFT-CURVE-SLOPE =   0.08804 /DEG.      XAC =   0.24148
1                             AUTOMATED STABILITY AND CONTROL METHODS PER APRIL 1976 VERSION OF DATCOM   
                                                   HORIZONTAL TAIL SECTION DEFINITION
0                                 IDEAL ANGLE OF ATTACK =   0.00000 DEG.

                              ZERO LIFT ANGLE OF ATTACK =   0.00000 DEG.

                                 IDEAL LIFT COEFFICIENT =   0.00000

                  ZERO LIFT PITCHING MOMENT COEFFICIENT =   0.00000

                             MACH ZERO LIFT-CURVE-SLOPE =   0.09596 /DEG.

                                    LEADING EDGE RADIUS =   0.01587 FRACTION CHORD

                              MAXIMUM AIRFOIL THICKNESS =   0.12000 FRACTION CHORD

                                                DELTA-Y =   3.16898 PERCENT CHORD


0                         MACH= 0.0018 LIFT-CURVE-SLOPE =   0.09999 /DEG.      XAC =   0.30468
1                             AUTOMATED STABILITY AND CONTROL METHODS PER APRIL 1976 VERSION OF DATCOM   
                                                    VERTICAL TAIL SECTION DEFINITION
0                                 IDEAL ANGLE OF ATTACK =   0.00000 DEG.

                              ZERO LIFT ANGLE OF ATTACK =   0.00000 DEG.

                                 IDEAL LIFT COEFFICIENT =   0.00000

                  ZERO LIFT PITCHING MOMENT COEFFICIENT =   0.00000

                             MACH ZERO LIFT-CURVE-SLOPE =   0.09596 /DEG.

                                    LEADING EDGE RADIUS =   0.01587 FRACTION CHORD

                              MAXIMUM AIRFOIL THICKNESS =   0.12000 FRACTION CHORD

                                                DELTA-Y =   3.16898 PERCENT CHORD


0                         MACH= 0.0018 LIFT-CURVE-SLOPE =   0.09897 /DEG.      XAC =   0.30525
 WARNING - DUPLICATE X VALUES AT X =  1.0000000E-30 IN TBFUNX, CALLED FROM EQSPC1   FOR FIGURE DSED
 WARNING - DUPLICATE X VALUES AT X =  1.0000000E-30 IN TBFUNX, CALLED FROM EQSPC1   FOR FIGURE DSED
 WARNING - DUPLICATE X VALUES AT X =  1.0000000E-30 IN TBFUNX, CALLED FROM EQSPC1   FOR FIGURE DSED
 WARNING - DUPLICATE X VALUES AT X =  1.0000000E-30 IN TBFUNX, CALLED FROM EQSPC1   FOR FIGURE DSED
 WARNING - DUPLICATE X VALUES AT X =  1.0000000E-30 IN TBFUNX, CALLED FROM EQSPC1   FOR FIGURE DSED
 WARNING - DUPLICATE X VALUES AT X =  1.0000000E-30 IN TBFUNX, CALLED FROM EQSPC1   FOR FIGURE DSED
 WARNING - DUPLICATE X VALUES AT X =  1.0000000E-30 IN TBFUNX, CALLED FROM EQSPC1   FOR FIGURE DSED
 WARNING - DUPLICATE X VALUES AT X =  1.0000000E-30 IN TBFUNX, CALLED FROM EQSPC1   FOR FIGURE DSED
 WARNING - DUPLICATE X VALUES AT X =  1.0000000E-30 IN TBFUNX, CALLED FROM EQSPC1   FOR FIGURE DSED
 WARNING - DUPLICATE X VALUES AT X =  1.0000000E-30 IN TBFUNX, CALLED FROM EQSPC1   FOR FIGURE DSED
 WARNING - DUPLICATE X VALUES AT X =  1.0000000E-30 IN TBFUNX, CALLED FROM EQSPC1   FOR FIGURE DSED
 WARNING - DUPLICATE X VALUES AT X =  1.0000000E-30 IN TBFUNX, CALLED FROM EQSPC1   FOR FIGURE DSED
 WARNING - DUPLICATE X VALUES AT X =  1.0000000E-30 IN TBFUNX, CALLED FROM EQSPC1   FOR FIGURE DSED
 WARNING - DUPLICATE X VALUES AT X =  1.0000000E-30 IN TBFUNX, CALLED FROM EQSPC1   FOR FIGURE DSED
 WARNING - DUPLICATE X VALUES AT X =  1.0000000E-30 IN TBFUNX, CALLED FROM EQSPC1   FOR FIGURE DSED
 WARNING - DUPLICATE X VALUES AT X =  1.0000000E-30 IN TBFUNX, CALLED FROM EQSPC1   FOR FIGURE DSED
 WARNING - DUPLICATE X VALUES AT X =  1.0000000E-30 IN TBFUNX, CALLED FROM EQSPC1   FOR FIGURE DSED
 WARNING - DUPLICATE X VALUES AT X =  1.0000000E-30 IN TBFUNX, CALLED FROM EQSPC1   FOR FIGURE DSED
 WARNING - DUPLICATE X VALUES AT X =  1.0000000E-30 IN TBFUNX, CALLED FROM EQSPC1   FOR FIGURE DSED
 WARNING - DUPLICATE X VALUES AT X =  1.0000000E-30 IN TBFUNX, CALLED FROM EQSPC1   FOR FIGURE DSED
1                               AUTOMATED STABILITY AND CONTROL METHODS PER APRIL 1976 VERSION OF DATCOM
                                         CHARACTERISTICS AT ANGLE OF ATTACK AND IN SIDESLIP
                                        WING-BODY-VERTICAL TAIL-HORIZONTAL TAIL CONFIGURATION
                                                        PLAINFLAP ANALYSIS
 
 -----------------------  FLIGHT CONDITIONS  ------------------------           --------------  REFERENCE DIMENSIONS  ------------
  MACH    ALTITUDE   VELOCITY    PRESSURE    TEMPERATURE     REYNOLDS             REF.      REFERENCE LENGTH   MOMENT REF. CENTER
 NUMBER                                                       NUMBER              AREA       LONG.     LAT.     HORIZ      VERT
              M        M/SEC      N/ M**2       DEG K         1/ M                M**2         M         M         M         M
0 0.002                                                    1.2500E+06             8.000      1.004     8.000     3.384     0.000
0                                                               -------------------DERIVATIVE (PER DEGREE)-------------------
0 ALPHA     CD       CL       CM       CN       CA       XCP        CLA          CMA          CYB          CNB          CLB
0
   -4.0   -NaN     -NaN     -NaN     -NaN     -NaN     -NaN     -NaN         NaN          NaN           2.984E-03   -NaN      
   -2.0   -NaN     -NaN     -NaN     -NaN     -NaN     -NaN     -NaN         -NaN                                   -NaN      
    0.0   -NaN     -NaN     -NaN     -NaN     -NaN     -NaN     -NaN         -NaN                                   -NaN      
    2.0   -NaN     -NaN     -NaN     -NaN     -NaN     -NaN     -NaN         -NaN                                   -NaN      
    4.0   -NaN     -NaN     -NaN     -NaN     -NaN     -NaN     -NaN         -NaN                                   -NaN      
    6.0   -NaN     -NaN     -NaN     -NaN     -NaN     -NaN     -NaN         -NaN                                   -NaN      
    8.0   -NaN     -NaN     -NaN     -NaN     -NaN     -NaN     -NaN         -NaN                                   -NaN      
0                                    ALPHA     Q/QINF    EPSLON  D(EPSLON)/D(ALPHA)
0
                                     -4.0      1.000     -0.890        0.426
                                     -2.0      0.986     -0.038        0.435
                                      0.0      0.919      0.851        0.446
                                      2.0      0.932      1.745        0.443
                                      4.0      0.995      2.624        0.438
                                      6.0      1.000      3.498        0.431
                                      8.0      1.000      4.346        0.424
1                            AUTOMATED STABILITY AND CONTROL METHODS PER APRIL 1976 VERSION OF DATCOM
                                         CHARACTERISTICS OF HIGH LIFT AND CONTROL DEVICES
                                            WING PLAIN TRAILING-EDGE FLAP CONFIGURATION
                                                        PLAINFLAP ANALYSIS
 -----------------------  FLIGHT CONDITIONS  ------------------------           --------------  REFERENCE DIMENSIONS  ------------
  MACH    ALTITUDE   VELOCITY    PRESSURE    TEMPERATURE     REYNOLDS             REF.      REFERENCE LENGTH   MOMENT REF. CENTER
 NUMBER                                                       NUMBER              AREA       LONG.     LAT.     HORIZ      VERT
              M        M/SEC      N/ M**2       DEG K         1/ M                M**2         M         M         M         M
0 0.002                                                    1.1613E+05             8.000      1.004     8.000     3.384     0.000
0                           ----------YAWING MOMENT COEFFICIENT,CN,DUE TO CONTROL DEFLECTION----------
0(DELTAL-DELTAR)=-40.0       -30.0       -20.0       -10.0         0.0        10.0        20.0        30.0        40.0
0ALPHA
0
  -4.0        -4.291E-04  -3.642E-04  -2.482E-04  -1.241E-04   0.000E+00   1.241E-04   2.482E-04   3.642E-04   4.291E-04
  -2.0        -1.774E-05  -1.506E-05  -1.027E-05  -5.133E-06   0.000E+00   5.133E-06   1.027E-05   1.506E-05   1.774E-05
   0.0         3.924E-04   3.331E-04   2.270E-04   1.135E-04   0.000E+00  -1.135E-04  -2.270E-04  -3.331E-04  -3.924E-04
   2.0         8.264E-04   7.015E-04   4.782E-04   2.391E-04   0.000E+00  -2.391E-04  -4.782E-04  -7.015E-04  -8.264E-04
   4.0         1.281E-03   1.087E-03   7.410E-04   3.705E-04   0.000E+00  -3.705E-04  -7.410E-04  -1.087E-03  -1.281E-03
   6.0         1.751E-03   1.487E-03   1.013E-03   5.066E-04   0.000E+00  -5.066E-04  -1.013E-03  -1.487E-03  -1.751E-03
   8.0         2.234E-03   1.896E-03   1.292E-03   6.462E-04   0.000E+00  -6.462E-04  -1.292E-03  -1.896E-03  -2.234E-03
0
0                                            DELTAL          DELTAR          (CL)ROLL
0
                                             -20.0            20.0           -1.5202E-02
                                             -15.0            15.0           -1.2904E-02
                                             -10.0            10.0           -8.7957E-03
                                              -5.0             5.0           -4.3978E-03
                                               0.0             0.0            0.0000E+00
                                               5.0            -5.0            4.3978E-03
                                              10.0           -10.0            8.7957E-03
                                              15.0           -15.0            1.2904E-02
                                              20.0           -20.0            1.5202E-02
1          THE FOLLOWING IS A LIST OF ALL INPUT CARDS FOR THIS CASE.
0
0 INPUT DIMENSIONS ARE IN M , SCALE FACTOR IS 1.0000

1                             AUTOMATED STABILITY AND CONTROL METHODS PER APRIL 1976 VERSION OF DATCOM   
                                                        WING SECTION DEFINITION
0                                 IDEAL ANGLE OF ATTACK =   0.25757 DEG.

                              ZERO LIFT ANGLE OF ATTACK =  -1.87966 DEG.

                                 IDEAL LIFT COEFFICIENT =   0.25602

                  ZERO LIFT PITCHING MOMENT COEFFICIENT =  -0.05087

                             MACH ZERO LIFT-CURVE-SLOPE =   0.09617 /DEG.

                                    LEADING EDGE RADIUS =   0.01587 FRACTION CHORD

                              MAXIMUM AIRFOIL THICKNESS =   0.12000 FRACTION CHORD

                                                DELTA-Y =   3.16898 PERCENT CHORD


0                         MACH= 0.0018 LIFT-CURVE-SLOPE =   0.08804 /DEG.      XAC =   0.24148
1                             AUTOMATED STABILITY AND CONTROL METHODS PER APRIL 1976 VERSION OF DATCOM   
                                                   HORIZONTAL TAIL SECTION DEFINITION
0                                 IDEAL ANGLE OF ATTACK =   0.00000 DEG.

                              ZERO LIFT ANGLE OF ATTACK =   0.00000 DEG.

                                 IDEAL LIFT COEFFICIENT =   0.00000

                  ZERO LIFT PITCHING MOMENT COEFFICIENT =   0.00000

                             MACH ZERO LIFT-CURVE-SLOPE =   0.09596 /DEG.

                                    LEADING EDGE RADIUS =   0.01587 FRACTION CHORD

                              MAXIMUM AIRFOIL THICKNESS =   0.12000 FRACTION CHORD

                                                DELTA-Y =   3.16898 PERCENT CHORD


0                         MACH= 0.0018 LIFT-CURVE-SLOPE =   0.09999 /DEG.      XAC =   0.30468
1                             AUTOMATED STABILITY AND CONTROL METHODS PER APRIL 1976 VERSION OF DATCOM   
                                                    VERTICAL TAIL SECTION DEFINITION
0                                 IDEAL ANGLE OF ATTACK =   0.00000 DEG.

                              ZERO LIFT ANGLE OF ATTACK =   0.00000 DEG.

                                 IDEAL LIFT COEFFICIENT =   0.00000

                  ZERO LIFT PITCHING MOMENT COEFFICIENT =   0.00000

                             MACH ZERO LIFT-CURVE-SLOPE =   0.09596 /DEG.

                                    LEADING EDGE RADIUS =   0.01587 FRACTION CHORD

                              MAXIMUM AIRFOIL THICKNESS =   0.12000 FRACTION CHORD

                                                DELTA-Y =   3.16898 PERCENT CHORD


0                         MACH= 0.0018 LIFT-CURVE-SLOPE =   0.09897 /DEG.      XAC =   0.30525
 WARNING - DUPLICATE X VALUES AT X =  1.0000000E-30 IN TBFUNX, CALLED FROM EQSPC1   FOR FIGURE DSED
 WARNING - DUPLICATE X VALUES AT X =  1.0000000E-30 IN TBFUNX, CALLED FROM EQSPC1   FOR FIGURE DSED
 WARNING - DUPLICATE X VALUES AT X =  1.0000000E-30 IN TBFUNX, CALLED FROM EQSPC1   FOR FIGURE DSED
 WARNING - DUPLICATE X VALUES AT X =  1.0000000E-30 IN TBFUNX, CALLED FROM EQSPC1   FOR FIGURE DSED
 WARNING - DUPLICATE X VALUES AT X =  1.0000000E-30 IN TBFUNX, CALLED FROM EQSPC1   FOR FIGURE DSED
 WARNING - DUPLICATE X VALUES AT X =  1.0000000E-30 IN TBFUNX, CALLED FROM EQSPC1   FOR FIGURE DSED
 WARNING - DUPLICATE X VALUES AT X =  1.0000000E-30 IN TBFUNX, CALLED FROM EQSPC1   FOR FIGURE DSED
 WARNING - DUPLICATE X VALUES AT X =  1.0000000E-30 IN TBFUNX, CALLED FROM EQSPC1   FOR FIGURE DSED
 WARNING - DUPLICATE X VALUES AT X =  1.0000000E-30 IN TBFUNX, CALLED FROM EQSPC1   FOR FIGURE DSED
 WARNING - DUPLICATE X VALUES AT X =  1.0000000E-30 IN TBFUNX, CALLED FROM EQSPC1   FOR FIGURE DSED
 WARNING - DUPLICATE X VALUES AT X =  1.0000000E-30 IN TBFUNX, CALLED FROM EQSPC1   FOR FIGURE DSED
 WARNING - DUPLICATE X VALUES AT X =  1.0000000E-30 IN TBFUNX, CALLED FROM EQSPC1   FOR FIGURE DSED
 WARNING - DUPLICATE X VALUES AT X =  1.0000000E-30 IN TBFUNX, CALLED FROM EQSPC1   FOR FIGURE DSED
 WARNING - DUPLICATE X VALUES AT X =  1.0000000E-30 IN TBFUNX, CALLED FROM EQSPC1   FOR FIGURE DSED
 WARNING - DUPLICATE X VALUES AT X =  1.0000000E-30 IN TBFUNX, CALLED FROM EQSPC1   FOR FIGURE DSED
 WARNING - DUPLICATE X VALUES AT X =  1.0000000E-30 IN TBFUNX, CALLED FROM EQSPC1   FOR FIGURE DSED
 WARNING - DUPLICATE X VALUES AT X =  1.0000000E-30 IN TBFUNX, CALLED FROM EQSPC1   FOR FIGURE DSED
 WARNING - DUPLICATE X VALUES AT X =  1.0000000E-30 IN TBFUNX, CALLED FROM EQSPC1   FOR FIGURE DSED
 WARNING - DUPLICATE X VALUES AT X =  1.0000000E-30 IN TBFUNX, CALLED FROM EQSPC1   FOR FIGURE DSED
 WARNING - DUPLICATE X VALUES AT X =  1.0000000E-30 IN TBFUNX, CALLED FROM EQSPC1   FOR FIGURE DSED
1                               AUTOMATED STABILITY AND CONTROL METHODS PER APRIL 1976 VERSION OF DATCOM
                                         CHARACTERISTICS AT ANGLE OF ATTACK AND IN SIDESLIP
                                        WING-BODY-VERTICAL TAIL-HORIZONTAL TAIL CONFIGURATION
 
 -----------------------  FLIGHT CONDITIONS  ------------------------           --------------  REFERENCE DIMENSIONS  ------------
  MACH    ALTITUDE   VELOCITY    PRESSURE    TEMPERATURE     REYNOLDS             REF.      REFERENCE LENGTH   MOMENT REF. CENTER
 NUMBER                                                       NUMBER              AREA       LONG.     LAT.     HORIZ      VERT
              M        M/SEC      N/ M**2       DEG K         1/ M                M**2         M         M         M         M
0 0.002                                                    1.2500E+06             8.000      1.004     8.000     3.384     0.000
0                                                               -------------------DERIVATIVE (PER DEGREE)-------------------
0 ALPHA     CD       CL       CM       CN       CA       XCP        CLA          CMA          CYB          CNB          CLB
0
   -4.0   -NaN     -NaN     -NaN     -NaN     -NaN     -NaN     -NaN         NaN          NaN           2.984E-03   -NaN      
   -2.0   -NaN     -NaN     -NaN     -NaN     -NaN     -NaN     -NaN         -NaN                                   -NaN      
    0.0   -NaN     -NaN     -NaN     -NaN     -NaN     -NaN     -NaN         -NaN                                   -NaN      
    2.0   -NaN     -NaN     -NaN     -NaN     -NaN     -NaN     -NaN         -NaN                                   -NaN      
    4.0   -NaN     -NaN     -NaN     -NaN     -NaN     -NaN     -NaN         -NaN                                   -NaN      
    6.0   -NaN     -NaN     -NaN     -NaN     -NaN     -NaN     -NaN         -NaN                                   -NaN      
    8.0   -NaN     -NaN     -NaN     -NaN     -NaN     -NaN     -NaN         -NaN                                   -NaN      
0                                    ALPHA     Q/QINF    EPSLON  D(EPSLON)/D(ALPHA)
0
                                     -4.0      1.000     -0.890        0.426
                                     -2.0      0.986     -0.038        0.435
                                      0.0      0.919      0.851        0.446
                                      2.0      0.932      1.745        0.443
                                      4.0      0.995      2.624        0.438
                                      6.0      1.000      3.498        0.431
                                      8.0      1.000      4.346        0.424
1                            AUTOMATED STABILITY AND CONTROL METHODS PER APRIL 1976 VERSION OF DATCOM
                                         CHARACTERISTICS OF HIGH LIFT AND CONTROL DEVICES
                                            WING PLAIN TRAILING-EDGE FLAP CONFIGURATION
 -----------------------  FLIGHT CONDITIONS  ------------------------           --------------  REFERENCE DIMENSIONS  ------------
  MACH    ALTITUDE   VELOCITY    PRESSURE    TEMPERATURE     REYNOLDS             REF.      REFERENCE LENGTH   MOMENT REF. CENTER
 NUMBER                                                       NUMBER              AREA       LONG.     LAT.     HORIZ      VERT
              M        M/SEC      N/ M**2       DEG K         1/ M                M**2         M         M         M         M
0 0.002                                                    1.1613E+05             8.000      1.004     8.000     3.384     0.000
0                           ----------YAWING MOMENT COEFFICIENT,CN,DUE TO CONTROL DEFLECTION----------
0(DELTAL-DELTAR)=-40.0       -30.0       -20.0       -10.0         0.0        10.0        20.0        30.0        40.0
0ALPHA
0
  -4.0        -4.291E-04  -3.642E-04  -2.482E-04  -1.241E-04   0.000E+00   1.241E-04   2.482E-04   3.642E-04   4.291E-04
  -2.0        -1.774E-05  -1.506E-05  -1.027E-05  -5.133E-06   0.000E+00   5.133E-06   1.027E-05   1.506E-05   1.774E-05
   0.0         3.924E-04   3.331E-04   2.270E-04   1.135E-04   0.000E+00  -1.135E-04  -2.270E-04  -3.331E-04  -3.924E-04
   2.0         8.264E-04   7.015E-04   4.782E-04   2.391E-04   0.000E+00  -2.391E-04  -4.782E-04  -7.015E-04  -8.264E-04
   4.0         1.281E-03   1.087E-03   7.410E-04   3.705E-04   0.000E+00  -3.705E-04  -7.410E-04  -1.087E-03  -1.281E-03
   6.0         1.751E-03   1.487E-03   1.013E-03   5.066E-04   0.000E+00  -5.066E-04  -1.013E-03  -1.487E-03  -1.751E-03
   8.0         2.234E-03   1.896E-03   1.292E-03   6.462E-04   0.000E+00  -6.462E-04  -1.292E-03  -1.896E-03  -2.234E-03
0
0                                            DELTAL          DELTAR          (CL)ROLL
0
                                             -20.0            20.0           -1.5202E-02
                                             -15.0            15.0           -1.2904E-02
                                             -10.0            10.0           -8.7957E-03
                                              -5.0             5.0           -4.3978E-03
                                               0.0             0.0            0.0000E+00
                                               5.0            -5.0            4.3978E-03
                                              10.0           -10.0            8.7957E-03
                                              15.0           -15.0            1.2904E-02
                                              20.0           -20.0            1.5202E-02
1 END OF JOB.
