WdgMtb: ACCESS solid_surf_rg@REVOLUTION is AVAILABLE (CB)
WdgMtb: ACCESS remove_material_popup@extrev_feature_popup@REVOLUTION is AVAILABLE (CB)
WdgMtb: ACCESS thick_sketch_popup@extrev_feature_popup@REVOLUTION is AVAILABLE (CB)
WdgMtb: ACCESS DefineRmbBtn@extrev_feature_popup@REVOLUTION is invisible (UI)
WdgMtb: ACCESS SketchRmbBtn@extrev_feature_popup@REVOLUTION is invisible (UI)
WdgMtb: ACCESS InternalCL@REVOLUTION is AVAILABLE (CB)
WdgMtb: ACCESS cap_ends_popup@extrev_feature_popup@REVOLUTION is invisible (UI)
WdgMtb: ACCESS solid_surf_rg@REVOLUTION is AVAILABLE (CB)
WdgMtb: ACCESS remove_material_popup@extrev_feature_popup@REVOLUTION is AVAILABLE (CB)
WdgMtb: ACCESS thick_sketch_popup@extrev_feature_popup@REVOLUTION is AVAILABLE (CB)
WdgMtb: ACCESS DefineRmbBtn@extrev_feature_popup@REVOLUTION is invisible (UI)
WdgMtb: ACCESS SketchRmbBtn@extrev_feature_popup@REVOLUTION is invisible (UI)
WdgMtb: ACCESS InternalCL@REVOLUTION is AVAILABLE (CB)
WdgMtb: ACCESS cap_ends_popup@extrev_feature_popup@REVOLUTION is invisible (UI)
WdgMtb: ACCESS solid_surf_rg@EXTRCUT is AVAILABLE (CB)
WdgMtb: ACCESS remove_material_popup@extrev_feature_popup@EXTRCUT is AVAILABLE (CB)
WdgMtb: ACCESS is_smt_cut_popup@extrev_feature_popup@EXTRCUT is invisible (UI)
WdgMtb: ACCESS thick_sketch_popup@extrev_feature_popup@EXTRCUT is AVAILABLE (CB)
WdgMtb: ACCESS DefineRmbBtn@extrev_feature_popup@EXTRCUT is invisible (UI)
WdgMtb: ACCESS SketchRmbBtn@extrev_feature_popup@EXTRCUT is AVAILABLE (CB)
WdgMtb: ACCESS add_draft_popup@extrev_feature_popup@EXTRCUT is AVAILABLE (CB)
WdgMtb: ACCESS cap_ends_popup@extrev_feature_popup@EXTRCUT is invisible (UI)
WdgMtb: ACCESS solid_surf_rg@EXTRCUT is AVAILABLE (CB)
WdgMtb: ACCESS remove_material_popup@extrev_feature_popup@EXTRCUT is AVAILABLE (CB)
WdgMtb: ACCESS is_smt_cut_popup@extrev_feature_popup@EXTRCUT is invisible (UI)
WdgMtb: ACCESS thick_sketch_popup@extrev_feature_popup@EXTRCUT is AVAILABLE (CB)
WdgMtb: ACCESS DefineRmbBtn@extrev_feature_popup@EXTRCUT is invisible (UI)
WdgMtb: ACCESS SketchRmbBtn@extrev_feature_popup@EXTRCUT is AVAILABLE (CB)
WdgMtb: ACCESS add_draft_popup@extrev_feature_popup@EXTRCUT is AVAILABLE (CB)
WdgMtb: ACCESS cap_ends_popup@extrev_feature_popup@EXTRCUT is invisible (UI)
WdgMtb: ACCESS solid_surf_rg@EXTRCUT is AVAILABLE (CB)
WdgMtb: ACCESS remove_material_popup@extrev_feature_popup@EXTRCUT is AVAILABLE (CB)
WdgMtb: ACCESS is_smt_cut_popup@extrev_feature_popup@EXTRCUT is invisible (UI)
WdgMtb: ACCESS thick_sketch_popup@extrev_feature_popup@EXTRCUT is AVAILABLE (CB)
WdgMtb: ACCESS DefineRmbBtn@extrev_feature_popup@EXTRCUT is invisible (UI)
WdgMtb: ACCESS SketchRmbBtn@extrev_feature_popup@EXTRCUT is AVAILABLE (CB)
WdgMtb: ACCESS add_draft_popup@extrev_feature_popup@EXTRCUT is AVAILABLE (CB)
WdgMtb: ACCESS cap_ends_popup@extrev_feature_popup@EXTRCUT is invisible (UI)
WdgMtb: ACCESS solid_surf_rg@EXTRCUT is AVAILABLE (CB)
WdgMtb: ACCESS remove_material_popup@extrev_feature_popup@EXTRCUT is AVAILABLE (CB)
WdgMtb: ACCESS is_smt_cut_popup@extrev_feature_popup@EXTRCUT is invisible (UI)
WdgMtb: ACCESS thick_sketch_popup@extrev_feature_popup@EXTRCUT is AVAILABLE (CB)
WdgMtb: ACCESS DefineRmbBtn@extrev_feature_popup@EXTRCUT is invisible (UI)
WdgMtb: ACCESS SketchRmbBtn@extrev_feature_popup@EXTRCUT is AVAILABLE (CB)
WdgMtb: ACCESS add_draft_popup@extrev_feature_popup@EXTRCUT is AVAILABLE (CB)
WdgMtb: ACCESS cap_ends_popup@extrev_feature_popup@EXTRCUT is invisible (UI)
